Added Component: Designator=C1(Capacitor_0805)
Add component (AddParameter): Name = "ComponentLink1Description"; Value = "SupplierURL"; VariantName = "[No Variations]"
Add component (AddParameter): Name = "ComponentLink1URL"; Value = "https://www.digikey.com/en/products/detail/yageo/CC0805JKX7R9BB105/7164382"; VariantName = "[No Variations]"
Add component (AddParameter): Name = "Manufacturer"; Value = "Yageo"; VariantName = "[No Variations]"
Add component (AddParameter): Name = "ManufacturerPartNumber"; Value = "CC0805JKX7R9BB105"; VariantName = "[No Variations]"
Add component (AddParameter): Name = "MaxTemp"; Value = " 125°C"; VariantName = "[No Variations]"
Add component (AddParameter): Name = "MinTemp"; Value = "-55°C"; VariantName = "[No Variations]"
Add component (AddParameter): Name = "PartStatus"; Value = "Active"; VariantName = "[No Variations]"
Add component (AddParameter): Name = "Price"; Value = "0.35"; VariantName = "[No Variations]"
Add component (AddParameter): Name = "Supplier"; Value = "Digikey"; VariantName = "[No Variations]"
Add component (AddParameter): Name = "SupplierPartNumber"; Value = "311-3498-1-ND"; VariantName = "[No Variations]"
Added Component: Designator=C2(Capacitor_0805)
Add component (AddParameter): Name = "ComponentLink1Description"; Value = "SupplierURL"; VariantName = "[No Variations]"
Add component (AddParameter): Name = "ComponentLink1URL"; Value = "https://www.digikey.com/en/products/detail/kemet/C0805C475J8RACAUTO/7427538"; VariantName = "[No Variations]"
Add component (AddParameter): Name = "Manufacturer"; Value = "KEMET"; VariantName = "[No Variations]"
Add component (AddParameter): Name = "ManufacturerPartNumber"; Value = "C0805C475J8RACAUTO"; VariantName = "[No Variations]"
Add component (AddParameter): Name = "MaxTemp"; Value = "125°C"; VariantName = "[No Variations]"
Add component (AddParameter): Name = "MinTemp"; Value = "-55°C"; VariantName = "[No Variations]"
Add component (AddParameter): Name = "PartStatus"; Value = "Active"; VariantName = "[No Variations]"
Add component (AddParameter): Name = "Price"; Value = "0.53"; VariantName = "[No Variations]"
Add component (AddParameter): Name = "Supplier"; Value = "Digikey"; VariantName = "[No Variations]"
Add component (AddParameter): Name = "SupplierPartNumber"; Value = "399-15708-1-ND"; VariantName = "[No Variations]"
Added Component: Designator=C3(Capacitor_0805)
Add component (AddParameter): Name = "ComponentLink1Description"; Value = "SupplierURL"; VariantName = "[No Variations]"
Add component (AddParameter): Name = "ComponentLink1URL"; Value = "https://www.digikey.com/en/products/detail/kemet/C0805C103J5HACAUTO/7516211"; VariantName = "[No Variations]"
Add component (AddParameter): Name = "Manufacturer"; Value = "KEMET"; VariantName = "[No Variations]"
Add component (AddParameter): Name = "ManufacturerPartNumber"; Value = "C0805C103J5HACAUTO"; VariantName = "[No Variations]"
Add component (AddParameter): Name = "MaxTemp"; Value = "150°C"; VariantName = "[No Variations]"
Add component (AddParameter): Name = "MinTemp"; Value = "-55°C "; VariantName = "[No Variations]"
Add component (AddParameter): Name = "PartStatus"; Value = "Active"; VariantName = "[No Variations]"
Add component (AddParameter): Name = "Price"; Value = "0.79"; VariantName = "[No Variations]"
Add component (AddParameter): Name = "Supplier"; Value = "Digikey"; VariantName = "[No Variations]"
Add component (AddParameter): Name = "SupplierPartNumber"; Value = "399-15977-1-ND"; VariantName = "[No Variations]"
Added Component: Designator=C4(Capacitor_0805)
Add component (AddParameter): Name = "ComponentLink1Description"; Value = "SupplierURL"; VariantName = "[No Variations]"
Add component (AddParameter): Name = "ComponentLink1URL"; Value = "https://www.digikey.com/en/products/detail/kemet/C0805C104J5RACTU/411170"; VariantName = "[No Variations]"
Add component (AddParameter): Name = "Manufacturer"; Value = "KEMET"; VariantName = "[No Variations]"
Add component (AddParameter): Name = "ManufacturerPartNumber"; Value = "C0805C104J5RACTU"; VariantName = "[No Variations]"
Add component (AddParameter): Name = "MaxTemp"; Value = "125°C"; VariantName = "[No Variations]"
Add component (AddParameter): Name = "MinTemp"; Value = "-55°C"; VariantName = "[No Variations]"
Add component (AddParameter): Name = "PartStatus"; Value = "Active"; VariantName = "[No Variations]"
Add component (AddParameter): Name = "Price"; Value = "0.20"; VariantName = "[No Variations]"
Add component (AddParameter): Name = "Supplier"; Value = "Digikey"; VariantName = "[No Variations]"
Add component (AddParameter): Name = "SupplierPartNumber"; Value = "399-1171-1-ND"; VariantName = "[No Variations]"
Added Component: Designator=C?(Capacitor_0805)
Add component (AddParameter): Name = "ComponentLink1Description"; Value = "SupplierURL"; VariantName = "[No Variations]"
Add component (AddParameter): Name = "ComponentLink1URL"; Value = "https://www.digikey.com/en/products/detail/kemet/C0805C224J5RACAUTO/10642470"; VariantName = "[No Variations]"
Add component (AddParameter): Name = "Manufacturer"; Value = "399-C0805C224J5RACAUTOCT-ND"; VariantName = "[No Variations]"
Add component (AddParameter): Name = "ManufacturerPartNumber"; Value = "C0805C224J5RACAUTO"; VariantName = "[No Variations]"
Add component (AddParameter): Name = "MaxTemp"; Value = "125°C"; VariantName = "[No Variations]"
Add component (AddParameter): Name = "MinTemp"; Value = "-55°C "; VariantName = "[No Variations]"
Add component (AddParameter): Name = "PartStatus"; Value = "Active"; VariantName = "[No Variations]"
Add component (AddParameter): Name = "Price"; Value = "0.84"; VariantName = "[No Variations]"
Add component (AddParameter): Name = "Supplier"; Value = "Digikey"; VariantName = "[No Variations]"
Add component (AddParameter): Name = "SupplierPartNumber"; Value = "399-C0805C224J5RACAUTOCT-ND"; VariantName = "[No Variations]"
Added Component: Designator=C?(Capacitor_0805)
Add component (AddParameter): Name = "ComponentLink1Description"; Value = "SupplierURL"; VariantName = "[No Variations]"
Add component (AddParameter): Name = "ComponentLink1URL"; Value = "https://www.digikey.com/en/products/detail/yageo/CC0805JKX7R9BB105/7164382"; VariantName = "[No Variations]"
Add component (AddParameter): Name = "Manufacturer"; Value = "Yageo"; VariantName = "[No Variations]"
Add component (AddParameter): Name = "ManufacturerPartNumber"; Value = "CC0805JKX7R9BB105"; VariantName = "[No Variations]"
Add component (AddParameter): Name = "MaxTemp"; Value = " 125°C"; VariantName = "[No Variations]"
Add component (AddParameter): Name = "MinTemp"; Value = "-55°C"; VariantName = "[No Variations]"
Add component (AddParameter): Name = "PartStatus"; Value = "Active"; VariantName = "[No Variations]"
Add component (AddParameter): Name = "Price"; Value = "0.35"; VariantName = "[No Variations]"
Add component (AddParameter): Name = "Supplier"; Value = "Digikey"; VariantName = "[No Variations]"
Add component (AddParameter): Name = "SupplierPartNumber"; Value = "311-3498-1-ND"; VariantName = "[No Variations]"
Added Component: Designator=C?(Capacitor_0805)
Add component (AddParameter): Name = "ComponentLink1Description"; Value = "SupplierURL"; VariantName = "[No Variations]"
Add component (AddParameter): Name = "ComponentLink1URL"; Value = "https://www.digikey.com/en/products/detail/tdk-corporation/C2012X5R1V106K125AC/3951654"; VariantName = "[No Variations]"
Add component (AddParameter): Name = "Manufacturer"; Value = "TDK Corporation"; VariantName = "[No Variations]"
Add component (AddParameter): Name = "ManufacturerPartNumber"; Value = "C2012X5R1V106K125AC"; VariantName = "[No Variations]"
Add component (AddParameter): Name = "MaxTemp"; Value = "85°C"; VariantName = "[No Variations]"
Add component (AddParameter): Name = "MinTemp"; Value = "-55°C"; VariantName = "[No Variations]"
Add component (AddParameter): Name = "PartStatus"; Value = "Active"; VariantName = "[No Variations]"
Add component (AddParameter): Name = "Price"; Value = "0.70000"; VariantName = "[No Variations]"
Add component (AddParameter): Name = "Supplier"; Value = "Digikey"; VariantName = "[No Variations]"
Add component (AddParameter): Name = "SupplierPartNumber"; Value = "445-14418-1-ND"; VariantName = "[No Variations]"
Added Component: Designator=C?(C7343)
Add component (AddParameter): Name = "ComponentLink1Description"; Value = "SupplierURL"; VariantName = "[No Variations]"
Add component (AddParameter): Name = "ComponentLink1URL"; Value = "https://www.digikey.com/en/products/detail/kemet/T530X337M010ATE004/3760653"; VariantName = "[No Variations]"
Add component (AddParameter): Name = "Manufacturer"; Value = "KEMET"; VariantName = "[No Variations]"
Add component (AddParameter): Name = "ManufacturerPartNumber"; Value = "T530X337M010ATE004"; VariantName = "[No Variations]"
Add component (AddParameter): Name = "MaxTemp"; Value = " 125°C"; VariantName = "[No Variations]"
Add component (AddParameter): Name = "MinTemp"; Value = "-55°C"; VariantName = "[No Variations]"
Add component (AddParameter): Name = "PartStatus"; Value = "Active"; VariantName = "[No Variations]"
Add component (AddParameter): Name = "Price"; Value = "5.57"; VariantName = "[No Variations]"
Add component (AddParameter): Name = "Supplier"; Value = "Digikey"; VariantName = "[No Variations]"
Add component (AddParameter): Name = "SupplierPartNumber"; Value = "399-10378-1-ND"; VariantName = "[No Variations]"
Added Component: Designator=C?(Capacitor_0805)
Add component (AddParameter): Name = "ComponentLink1Description"; Value = "SupplierURL"; VariantName = "[No Variations]"
Add component (AddParameter): Name = "ComponentLink1URL"; Value = "https://www.digikey.com/en/products/detail/yageo/CC0805JKX7R9BB105/7164382"; VariantName = "[No Variations]"
Add component (AddParameter): Name = "Manufacturer"; Value = "Yageo"; VariantName = "[No Variations]"
Add component (AddParameter): Name = "ManufacturerPartNumber"; Value = "CC0805JKX7R9BB105"; VariantName = "[No Variations]"
Add component (AddParameter): Name = "MaxTemp"; Value = " 125°C"; VariantName = "[No Variations]"
Add component (AddParameter): Name = "MinTemp"; Value = "-55°C"; VariantName = "[No Variations]"
Add component (AddParameter): Name = "PartStatus"; Value = "Active"; VariantName = "[No Variations]"
Add component (AddParameter): Name = "Price"; Value = "0.35"; VariantName = "[No Variations]"
Add component (AddParameter): Name = "Supplier"; Value = "Digikey"; VariantName = "[No Variations]"
Add component (AddParameter): Name = "SupplierPartNumber"; Value = "311-3498-1-ND"; VariantName = "[No Variations]"
Added Component: Designator=C?(DR125_Inductor)
Add component (AddParameter): Name = "ComponentLink1Description"; Value = "SupplierURL"; VariantName = "[No Variations]"
Add component (AddParameter): Name = "ComponentLink1URL"; Value = "https://www.digikey.com/en/products/detail/eaton-electronics-division/DR125-3R3-R/667151"; VariantName = "[No Variations]"
Add component (AddParameter): Name = "Manufacturer"; Value = "Eaton - Electronics Division"; VariantName = "[No Variations]"
Add component (AddParameter): Name = "ManufacturerPartNumber"; Value = "DR125-3R3-R"; VariantName = "[No Variations]"
Add component (AddParameter): Name = "MaxTemp"; Value = "125°C"; VariantName = "[No Variations]"
Add component (AddParameter): Name = "MinTemp"; Value = "-40°C"; VariantName = "[No Variations]"
Add component (AddParameter): Name = "PartStatus"; Value = "Active"; VariantName = "[No Variations]"
Add component (AddParameter): Name = "Price"; Value = "1.23"; VariantName = "[No Variations]"
Add component (AddParameter): Name = "Supplier"; Value = "Digikey"; VariantName = "[No Variations]"
Add component (AddParameter): Name = "SupplierPartNumber"; Value = "513-1529-1-ND"; VariantName = "[No Variations]"
Added Component: Designator=C?(Capacitor_0805)
Add component (AddParameter): Name = "ComponentLink1Description"; Value = "SupplierURL"; VariantName = "[No Variations]"
Add component (AddParameter): Name = "ComponentLink1URL"; Value = "https://www.digikey.com/en/products/detail/kemet/C0805C224J5RACAUTO/10642470"; VariantName = "[No Variations]"
Add component (AddParameter): Name = "Manufacturer"; Value = "399-C0805C224J5RACAUTOCT-ND"; VariantName = "[No Variations]"
Add component (AddParameter): Name = "ManufacturerPartNumber"; Value = "C0805C224J5RACAUTO"; VariantName = "[No Variations]"
Add component (AddParameter): Name = "MaxTemp"; Value = "125°C"; VariantName = "[No Variations]"
Add component (AddParameter): Name = "MinTemp"; Value = "-55°C "; VariantName = "[No Variations]"
Add component (AddParameter): Name = "PartStatus"; Value = "Active"; VariantName = "[No Variations]"
Add component (AddParameter): Name = "Price"; Value = "0.84"; VariantName = "[No Variations]"
Add component (AddParameter): Name = "Supplier"; Value = "Digikey"; VariantName = "[No Variations]"
Add component (AddParameter): Name = "SupplierPartNumber"; Value = "399-C0805C224J5RACAUTOCT-ND"; VariantName = "[No Variations]"
Added Component: Designator=C?(Capacitor_0805)
Add component (AddParameter): Name = "ComponentLink1Description"; Value = "SupplierURL"; VariantName = "[No Variations]"
Add component (AddParameter): Name = "ComponentLink1URL"; Value = "https://www.digikey.com/en/products/detail/tdk-corporation/C2012X5R1V106K125AC/3951654"; VariantName = "[No Variations]"
Add component (AddParameter): Name = "Manufacturer"; Value = "TDK Corporation"; VariantName = "[No Variations]"
Add component (AddParameter): Name = "ManufacturerPartNumber"; Value = "C2012X5R1V106K125AC"; VariantName = "[No Variations]"
Add component (AddParameter): Name = "MaxTemp"; Value = "85°C"; VariantName = "[No Variations]"
Add component (AddParameter): Name = "MinTemp"; Value = "-55°C"; VariantName = "[No Variations]"
Add component (AddParameter): Name = "PartStatus"; Value = "Active"; VariantName = "[No Variations]"
Add component (AddParameter): Name = "Price"; Value = "0.70000"; VariantName = "[No Variations]"
Add component (AddParameter): Name = "Supplier"; Value = "Digikey"; VariantName = "[No Variations]"
Add component (AddParameter): Name = "SupplierPartNumber"; Value = "445-14418-1-ND"; VariantName = "[No Variations]"
Added Component: Designator=C?(C7343)
Add component (AddParameter): Name = "ComponentLink1Description"; Value = "SupplierURL"; VariantName = "[No Variations]"
Add component (AddParameter): Name = "ComponentLink1URL"; Value = "https://www.digikey.com/en/products/detail/kemet/T530X337M010ATE004/3760653"; VariantName = "[No Variations]"
Add component (AddParameter): Name = "Manufacturer"; Value = "KEMET"; VariantName = "[No Variations]"
Add component (AddParameter): Name = "ManufacturerPartNumber"; Value = "T530X337M010ATE004"; VariantName = "[No Variations]"
Add component (AddParameter): Name = "MaxTemp"; Value = " 125°C"; VariantName = "[No Variations]"
Add component (AddParameter): Name = "MinTemp"; Value = "-55°C"; VariantName = "[No Variations]"
Add component (AddParameter): Name = "PartStatus"; Value = "Active"; VariantName = "[No Variations]"
Add component (AddParameter): Name = "Price"; Value = "5.57"; VariantName = "[No Variations]"
Add component (AddParameter): Name = "Supplier"; Value = "Digikey"; VariantName = "[No Variations]"
Add component (AddParameter): Name = "SupplierPartNumber"; Value = "399-10378-1-ND"; VariantName = "[No Variations]"
Added Component: Designator=J?(MLPAD_3X3)
Added Component: Designator=J?(MLPAD_3X3)
Added Component: Designator=J?(MLPAD_3X3)
Added Component: Designator=J?(MLPAD_3X3)
Added Component: Designator=J?(MLPAD_3X3)
Added Component: Designator=J?(MLPAD_3X3)
Added Component: Designator=L?(DR125_Inductor)
Add component (AddParameter): Name = "ComponentLink1Description"; Value = "SupplierURL"; VariantName = "[No Variations]"
Add component (AddParameter): Name = "ComponentLink1URL"; Value = "https://www.digikey.com/en/products/detail/eaton-electronics-division/DR125-2R2-R/667148"; VariantName = "[No Variations]"
Add component (AddParameter): Name = "Manufacturer"; Value = "Eaton - Electronics Division"; VariantName = "[No Variations]"
Add component (AddParameter): Name = "ManufacturerPartNumber"; Value = "DR125-2R2-R"; VariantName = "[No Variations]"
Add component (AddParameter): Name = "MaxTemp"; Value = " 125°C"; VariantName = "[No Variations]"
Add component (AddParameter): Name = "MinTemp"; Value = "-40°C"; VariantName = "[No Variations]"
Add component (AddParameter): Name = "PartStatus"; Value = "Active"; VariantName = "[No Variations]"
Add component (AddParameter): Name = "Price"; Value = "1.23"; VariantName = "[No Variations]"
Add component (AddParameter): Name = "Supplier"; Value = "Digikey"; VariantName = "[No Variations]"
Add component (AddParameter): Name = "SupplierPartNumber"; Value = "513-1662-1-ND"; VariantName = "[No Variations]"
Added Component: Designator=R1(RESISTOR0603)
Add component (AddParameter): Name = "ComponentLink1Description"; Value = "Supplier Link"; VariantName = "[No Variations]"
Add component (AddParameter): Name = "ComponentLink1URL"; Value = "https://www.digikey.com/en/products/detail/stackpole-electronics-inc/RMCF0603ZT0R00/1756908"; VariantName = "[No Variations]"
Add component (AddParameter): Name = "Manufacturer Part Number"; Value = "RMCF0603ZT0R00"; VariantName = "[No Variations]"
Add component (AddParameter): Name = "Max Temp"; Value = "155°C"; VariantName = "[No Variations]"
Add component (AddParameter): Name = "Min Temp"; Value = "-55°C "; VariantName = "[No Variations]"
Add component (AddParameter): Name = "Part Status"; Value = "Active"; VariantName = "[No Variations]"
Add component (AddParameter): Name = "Price"; Value = "0.10"; VariantName = "[No Variations]"
Add component (AddParameter): Name = "Supplier Part Number"; Value = "RMCF0603ZT0R00CT-ND"; VariantName = "[No Variations]"
Added Component: Designator=R2(RESISTOR0805)
Add component (AddParameter): Name = "ComponentLink1Description"; Value = "Supplier URL"; VariantName = "[No Variations]"
Add component (AddParameter): Name = "ComponentLink1URL"; Value = "https://www.digikey.com/en/products/detail/panasonic-electronic-components/ERJ-6GEYJ100V/82966"; VariantName = "[No Variations]"
Add component (AddParameter): Name = "Manufacturer"; Value = "Panasonic Electronic Components"; VariantName = "[No Variations]"
Add component (AddParameter): Name = "ManufacturerPartNumber"; Value = "ERJ-6GEYJ100V"; VariantName = "[No Variations]"
Add component (AddParameter): Name = "MaxTemp"; Value = "155°C"; VariantName = "[No Variations]"
Add component (AddParameter): Name = "MinTemp"; Value = "-55°C "; VariantName = "[No Variations]"
Add component (AddParameter): Name = "PartStatus"; Value = "Active"; VariantName = "[No Variations]"
Add component (AddParameter): Name = "Price"; Value = "0.10"; VariantName = "[No Variations]"
Add component (AddParameter): Name = "Supplier"; Value = "Digikey"; VariantName = "[No Variations]"
Add component (AddParameter): Name = "SupplierPartNumber"; Value = "P10ACT-ND"; VariantName = "[No Variations]"
Added Component: Designator=R3(RESISTOR0805)
Add component (AddParameter): Name = "ComponentLink1Description"; Value = "SupplierURL"; VariantName = "[No Variations]"
Add component (AddParameter): Name = "ComponentLink1URL"; Value = "https://www.digikey.com/en/products/detail/panasonic-electronic-components/ERJ-6ENF2003V/111933"; VariantName = "[No Variations]"
Add component (AddParameter): Name = "Manufacturer"; Value = "Panasonic Electronic Components"; VariantName = "[No Variations]"
Add component (AddParameter): Name = "ManufacturerPartNumber"; Value = "ERJ-6ENF2003V"; VariantName = "[No Variations]"
Add component (AddParameter): Name = "MaxTemp"; Value = "155°C"; VariantName = "[No Variations]"
Add component (AddParameter): Name = "MinTemp"; Value = "-55°C "; VariantName = "[No Variations]"
Add component (AddParameter): Name = "PartStatus"; Value = "Active"; VariantName = "[No Variations]"
Add component (AddParameter): Name = "Price"; Value = "0.10"; VariantName = "[No Variations]"
Add component (AddParameter): Name = "Supplier"; Value = "Digikey"; VariantName = "[No Variations]"
Add component (AddParameter): Name = "SupplierPartNumber"; Value = "P200KCCT-ND"; VariantName = "[No Variations]"
Added Component: Designator=R4(RESISTOR0805)
Add component (AddParameter): Name = "ComponentLink1Description"; Value = "SupplierURL"; VariantName = "[No Variations]"
Add component (AddParameter): Name = "ComponentLink1URL"; Value = "https://www.digikey.com/en/products/detail/panasonic-electronic-components/ERJ-6ENF2003V/111933"; VariantName = "[No Variations]"
Add component (AddParameter): Name = "Manufacturer"; Value = "Panasonic Electronic Components"; VariantName = "[No Variations]"
Add component (AddParameter): Name = "ManufacturerPartNumber"; Value = "ERJ-6ENF2003V"; VariantName = "[No Variations]"
Add component (AddParameter): Name = "MaxTemp"; Value = "155°C"; VariantName = "[No Variations]"
Add component (AddParameter): Name = "MinTemp"; Value = "-55°C "; VariantName = "[No Variations]"
Add component (AddParameter): Name = "PartStatus"; Value = "Active"; VariantName = "[No Variations]"
Add component (AddParameter): Name = "Price"; Value = "0.10"; VariantName = "[No Variations]"
Add component (AddParameter): Name = "Supplier"; Value = "Digikey"; VariantName = "[No Variations]"
Add component (AddParameter): Name = "SupplierPartNumber"; Value = "P200KCCT-ND"; VariantName = "[No Variations]"
Added Component: Designator=R5(RESISTOR0805)
Add component (AddParameter): Name = "ComponentLink1Description"; Value = "SupplierURL"; VariantName = "[No Variations]"
Add component (AddParameter): Name = "ComponentLink1URL"; Value = "https://www.digikey.com/en/products/detail/panasonic-electronic-components/ERJ-6ENF2003V/111933"; VariantName = "[No Variations]"
Add component (AddParameter): Name = "Manufacturer"; Value = "Panasonic Electronic Components"; VariantName = "[No Variations]"
Add component (AddParameter): Name = "ManufacturerPartNumber"; Value = "ERJ-6ENF2003V"; VariantName = "[No Variations]"
Add component (AddParameter): Name = "MaxTemp"; Value = "155°C"; VariantName = "[No Variations]"
Add component (AddParameter): Name = "MinTemp"; Value = "-55°C "; VariantName = "[No Variations]"
Add component (AddParameter): Name = "PartStatus"; Value = "Active"; VariantName = "[No Variations]"
Add component (AddParameter): Name = "Price"; Value = "0.10"; VariantName = "[No Variations]"
Add component (AddParameter): Name = "Supplier"; Value = "Digikey"; VariantName = "[No Variations]"
Add component (AddParameter): Name = "SupplierPartNumber"; Value = "P200KCCT-ND"; VariantName = "[No Variations]"
Added Component: Designator=R6(RESISTOR0805)
Add component (AddParameter): Name = "ComponentLink1Description"; Value = "SupplierURL"; VariantName = "[No Variations]"
Add component (AddParameter): Name = "ComponentLink1URL"; Value = "https://www.digikey.com/en/products/detail/panasonic-electronic-components/ERJ-6ENF2003V/111933"; VariantName = "[No Variations]"
Add component (AddParameter): Name = "Manufacturer"; Value = "Panasonic Electronic Components"; VariantName = "[No Variations]"
Add component (AddParameter): Name = "ManufacturerPartNumber"; Value = "ERJ-6ENF2003V"; VariantName = "[No Variations]"
Add component (AddParameter): Name = "MaxTemp"; Value = "155°C"; VariantName = "[No Variations]"
Add component (AddParameter): Name = "MinTemp"; Value = "-55°C "; VariantName = "[No Variations]"
Add component (AddParameter): Name = "PartStatus"; Value = "Active"; VariantName = "[No Variations]"
Add component (AddParameter): Name = "Price"; Value = "0.10"; VariantName = "[No Variations]"
Add component (AddParameter): Name = "Supplier"; Value = "Digikey"; VariantName = "[No Variations]"
Add component (AddParameter): Name = "SupplierPartNumber"; Value = "P200KCCT-ND"; VariantName = "[No Variations]"
Added Component: Designator=R?(RESISTOR0603)
Add component (AddParameter): Name = "ComponentLink1Description"; Value = "Supplier Link"; VariantName = "[No Variations]"
Add component (AddParameter): Name = "ComponentLink1URL"; Value = "https://www.digikey.com/en/products/detail/stackpole-electronics-inc/RMCF0603ZT0R00/1756908"; VariantName = "[No Variations]"
Add component (AddParameter): Name = "Manufacturer Part Number"; Value = "RMCF0603ZT0R00"; VariantName = "[No Variations]"
Add component (AddParameter): Name = "Max Temp"; Value = "155°C"; VariantName = "[No Variations]"
Add component (AddParameter): Name = "Min Temp"; Value = "-55°C "; VariantName = "[No Variations]"
Add component (AddParameter): Name = "Part Status"; Value = "Active"; VariantName = "[No Variations]"
Add component (AddParameter): Name = "Price"; Value = "0.10"; VariantName = "[No Variations]"
Add component (AddParameter): Name = "Supplier Part Number"; Value = "RMCF0603ZT0R00CT-ND"; VariantName = "[No Variations]"
Added Component: Designator=R?(RESISTOR0603)
Add component (AddParameter): Name = "ComponentLink1Description"; Value = "Supplier Link"; VariantName = "[No Variations]"
Add component (AddParameter): Name = "ComponentLink1URL"; Value = "https://www.digikey.com/en/products/detail/stackpole-electronics-inc/RMCF0603ZT0R00/1756908"; VariantName = "[No Variations]"
Add component (AddParameter): Name = "Manufacturer Part Number"; Value = "RMCF0603ZT0R00"; VariantName = "[No Variations]"
Add component (AddParameter): Name = "Max Temp"; Value = "155°C"; VariantName = "[No Variations]"
Add component (AddParameter): Name = "Min Temp"; Value = "-55°C "; VariantName = "[No Variations]"
Add component (AddParameter): Name = "Part Status"; Value = "Active"; VariantName = "[No Variations]"
Add component (AddParameter): Name = "Price"; Value = "0.10"; VariantName = "[No Variations]"
Add component (AddParameter): Name = "Supplier Part Number"; Value = "RMCF0603ZT0R00CT-ND"; VariantName = "[No Variations]"
Added Component: Designator=R?(RESISTOR0805)
Add component (AddParameter): Name = "ComponentLink1Description"; Value = "SupplierURL"; VariantName = "[No Variations]"
Add component (AddParameter): Name = "ComponentLink1URL"; Value = "https://www.digikey.com/en/products/detail/panasonic-electronic-components/ERJ-6RQF1R0V/250172"; VariantName = "[No Variations]"
Add component (AddParameter): Name = "Manufacturer"; Value = "Panasonic Electronic Components"; VariantName = "[No Variations]"
Add component (AddParameter): Name = "ManufacturerPartNumber"; Value = "ERJ-6RQF1R0V"; VariantName = "[No Variations]"
Add component (AddParameter): Name = "MaxTemp"; Value = "155°C"; VariantName = "[No Variations]"
Add component (AddParameter): Name = "MinTemp"; Value = "-55°C "; VariantName = "[No Variations]"
Add component (AddParameter): Name = "PartStatus"; Value = "Active"; VariantName = "[No Variations]"
Add component (AddParameter): Name = "Price"; Value = "0.32"; VariantName = "[No Variations]"
Add component (AddParameter): Name = "Supplier"; Value = "Digikey"; VariantName = "[No Variations]"
Add component (AddParameter): Name = "SupplierPartNumber"; Value = "P1.0DCT-ND"; VariantName = "[No Variations]"
Added Component: Designator=R?(RESISTOR0603)
Add component (AddParameter): Name = "ComponentLink1Description"; Value = "Supplier Link"; VariantName = "[No Variations]"
Add component (AddParameter): Name = "ComponentLink1URL"; Value = "https://www.digikey.com/en/products/detail/stackpole-electronics-inc/RMCF0603ZT0R00/1756908"; VariantName = "[No Variations]"
Add component (AddParameter): Name = "Manufacturer Part Number"; Value = "RMCF0603ZT0R00"; VariantName = "[No Variations]"
Add component (AddParameter): Name = "Max Temp"; Value = "155°C"; VariantName = "[No Variations]"
Add component (AddParameter): Name = "Min Temp"; Value = "-55°C "; VariantName = "[No Variations]"
Add component (AddParameter): Name = "Part Status"; Value = "Active"; VariantName = "[No Variations]"
Add component (AddParameter): Name = "Price"; Value = "0.10"; VariantName = "[No Variations]"
Add component (AddParameter): Name = "Supplier Part Number"; Value = "RMCF0603ZT0R00CT-ND"; VariantName = "[No Variations]"
Added Component: Designator=R?(RESISTOR0805)
Add component (AddParameter): Name = "ComponentLink1Description"; Value = "SupplierURL"; VariantName = "[No Variations]"
Add component (AddParameter): Name = "ComponentLink1URL"; Value = "https://www.digikey.com/en/products/detail/panasonic-electronic-components/ERJ-6ENF2003V/111933"; VariantName = "[No Variations]"
Add component (AddParameter): Name = "Manufacturer"; Value = "Panasonic Electronic Components"; VariantName = "[No Variations]"
Add component (AddParameter): Name = "ManufacturerPartNumber"; Value = "ERJ-6ENF2003V"; VariantName = "[No Variations]"
Add component (AddParameter): Name = "MaxTemp"; Value = "155°C"; VariantName = "[No Variations]"
Add component (AddParameter): Name = "MinTemp"; Value = "-55°C "; VariantName = "[No Variations]"
Add component (AddParameter): Name = "PartStatus"; Value = "Active"; VariantName = "[No Variations]"
Add component (AddParameter): Name = "Price"; Value = "0.10"; VariantName = "[No Variations]"
Add component (AddParameter): Name = "Supplier"; Value = "Digikey"; VariantName = "[No Variations]"
Add component (AddParameter): Name = "SupplierPartNumber"; Value = "P200KCCT-ND"; VariantName = "[No Variations]"
Added Component: Designator=R?(RESISTOR0805)
Add component (AddParameter): Name = "ComponentLink1Description"; Value = "SupplierURL"; VariantName = "[No Variations]"
Add component (AddParameter): Name = "ComponentLink1URL"; Value = "https://www.digikey.com/en/products/detail/panasonic-electronic-components/ERJ-6RQF1R0V/250172"; VariantName = "[No Variations]"
Add component (AddParameter): Name = "Manufacturer"; Value = "Panasonic Electronic Components"; VariantName = "[No Variations]"
Add component (AddParameter): Name = "ManufacturerPartNumber"; Value = "ERJ-6RQF1R0V"; VariantName = "[No Variations]"
Add component (AddParameter): Name = "MaxTemp"; Value = "155°C"; VariantName = "[No Variations]"
Add component (AddParameter): Name = "MinTemp"; Value = "-55°C "; VariantName = "[No Variations]"
Add component (AddParameter): Name = "PartStatus"; Value = "Active"; VariantName = "[No Variations]"
Add component (AddParameter): Name = "Price"; Value = "0.32"; VariantName = "[No Variations]"
Add component (AddParameter): Name = "Supplier"; Value = "Digikey"; VariantName = "[No Variations]"
Add component (AddParameter): Name = "SupplierPartNumber"; Value = "P1.0DCT-ND"; VariantName = "[No Variations]"
Added Component: Designator=R?(RESISTOR0805)
Add component (AddParameter): Name = "ComponentLink1Description"; Value = "SupplierURL"; VariantName = "[No Variations]"
Add component (AddParameter): Name = "ComponentLink1URL"; Value = "https://www.digikey.com/en/products/detail/panasonic-electronic-components/ERJ-6GEYJ103V/83062"; VariantName = "[No Variations]"
Add component (AddParameter): Name = "Manufacturer"; Value = "Panasonic Electronic Components"; VariantName = "[No Variations]"
Add component (AddParameter): Name = "ManufacturerPartNumber"; Value = "ERJ-6GEYJ103V"; VariantName = "[No Variations]"
Add component (AddParameter): Name = "MaxTemp"; Value = "155°C"; VariantName = "[No Variations]"
Add component (AddParameter): Name = "MinTemp"; Value = "-55°C"; VariantName = "[No Variations]"
Add component (AddParameter): Name = "PartStatus"; Value = "Active"; VariantName = "[No Variations]"
Add component (AddParameter): Name = "Price"; Value = "0.10"; VariantName = "[No Variations]"
Add component (AddParameter): Name = "Supplier"; Value = "Digikey"; VariantName = "[No Variations]"
Add component (AddParameter): Name = "SupplierPartNumber"; Value = "P10KACT-ND"; VariantName = "[No Variations]"
Added Component: Designator=R?(RESISTOR0603)
Add component (AddParameter): Name = "ComponentLink1Description"; Value = "Supplier Link"; VariantName = "[No Variations]"
Add component (AddParameter): Name = "ComponentLink1URL"; Value = "https://www.digikey.com/en/products/detail/stackpole-electronics-inc/RMCF0603ZT0R00/1756908"; VariantName = "[No Variations]"
Add component (AddParameter): Name = "Manufacturer Part Number"; Value = "RMCF0603ZT0R00"; VariantName = "[No Variations]"
Add component (AddParameter): Name = "Max Temp"; Value = "155°C"; VariantName = "[No Variations]"
Add component (AddParameter): Name = "Min Temp"; Value = "-55°C "; VariantName = "[No Variations]"
Add component (AddParameter): Name = "Part Status"; Value = "Active"; VariantName = "[No Variations]"
Add component (AddParameter): Name = "Price"; Value = "0.10"; VariantName = "[No Variations]"
Add component (AddParameter): Name = "Supplier Part Number"; Value = "RMCF0603ZT0R00CT-ND"; VariantName = "[No Variations]"
Added Component: Designator=R?(RESISTOR0805)
Add component (AddParameter): Name = "ComponentLink1Description"; Value = "SupplierURL"; VariantName = "[No Variations]"
Add component (AddParameter): Name = "ComponentLink1URL"; Value = "https://www.digikey.com/en/products/detail/panasonic-electronic-components/ERJ-6GEYJ103V/83062"; VariantName = "[No Variations]"
Add component (AddParameter): Name = "Manufacturer"; Value = "Panasonic Electronic Components"; VariantName = "[No Variations]"
Add component (AddParameter): Name = "ManufacturerPartNumber"; Value = "ERJ-6GEYJ103V"; VariantName = "[No Variations]"
Add component (AddParameter): Name = "MaxTemp"; Value = "155°C"; VariantName = "[No Variations]"
Add component (AddParameter): Name = "MinTemp"; Value = "-55°C"; VariantName = "[No Variations]"
Add component (AddParameter): Name = "PartStatus"; Value = "Active"; VariantName = "[No Variations]"
Add component (AddParameter): Name = "Price"; Value = "0.10"; VariantName = "[No Variations]"
Add component (AddParameter): Name = "Supplier"; Value = "Digikey"; VariantName = "[No Variations]"
Add component (AddParameter): Name = "SupplierPartNumber"; Value = "P10KACT-ND"; VariantName = "[No Variations]"
Added Component: Designator=R?(RESISTOR0603)
Add component (AddParameter): Name = "ComponentLink1Description"; Value = "Supplier Link"; VariantName = "[No Variations]"
Add component (AddParameter): Name = "ComponentLink1URL"; Value = "https://www.digikey.com/en/products/detail/stackpole-electronics-inc/RMCF0603ZT0R00/1756908"; VariantName = "[No Variations]"
Add component (AddParameter): Name = "Manufacturer Part Number"; Value = "RMCF0603ZT0R00"; VariantName = "[No Variations]"
Add component (AddParameter): Name = "Max Temp"; Value = "155°C"; VariantName = "[No Variations]"
Add component (AddParameter): Name = "Min Temp"; Value = "-55°C "; VariantName = "[No Variations]"
Add component (AddParameter): Name = "Part Status"; Value = "Active"; VariantName = "[No Variations]"
Add component (AddParameter): Name = "Price"; Value = "0.10"; VariantName = "[No Variations]"
Add component (AddParameter): Name = "Supplier Part Number"; Value = "RMCF0603ZT0R00CT-ND"; VariantName = "[No Variations]"
Added Component: Designator=R?(RESISTOR0603)
Add component (AddParameter): Name = "ComponentLink1Description"; Value = "Supplier Link"; VariantName = "[No Variations]"
Add component (AddParameter): Name = "ComponentLink1URL"; Value = "https://www.digikey.com/en/products/detail/stackpole-electronics-inc/RMCF0603ZT0R00/1756908"; VariantName = "[No Variations]"
Add component (AddParameter): Name = "Manufacturer Part Number"; Value = "RMCF0603ZT0R00"; VariantName = "[No Variations]"
Add component (AddParameter): Name = "Max Temp"; Value = "155°C"; VariantName = "[No Variations]"
Add component (AddParameter): Name = "Min Temp"; Value = "-55°C "; VariantName = "[No Variations]"
Add component (AddParameter): Name = "Part Status"; Value = "Active"; VariantName = "[No Variations]"
Add component (AddParameter): Name = "Price"; Value = "0.10"; VariantName = "[No Variations]"
Add component (AddParameter): Name = "Supplier Part Number"; Value = "RMCF0603ZT0R00CT-ND"; VariantName = "[No Variations]"
Added Component: Designator=R?(RESISTOR0603)
Add component (AddParameter): Name = "ComponentLink1Description"; Value = "Supplier Link"; VariantName = "[No Variations]"
Add component (AddParameter): Name = "ComponentLink1URL"; Value = "https://www.digikey.com/en/products/detail/stackpole-electronics-inc/RMCF0603ZT0R00/1756908"; VariantName = "[No Variations]"
Add component (AddParameter): Name = "Manufacturer Part Number"; Value = "RMCF0603ZT0R00"; VariantName = "[No Variations]"
Add component (AddParameter): Name = "Max Temp"; Value = "155°C"; VariantName = "[No Variations]"
Add component (AddParameter): Name = "Min Temp"; Value = "-55°C "; VariantName = "[No Variations]"
Add component (AddParameter): Name = "Part Status"; Value = "Active"; VariantName = "[No Variations]"
Add component (AddParameter): Name = "Price"; Value = "0.10"; VariantName = "[No Variations]"
Add component (AddParameter): Name = "Supplier Part Number"; Value = "RMCF0603ZT0R00CT-ND"; VariantName = "[No Variations]"
Added Component: Designator=R?(RESISTOR0603)
Add component (AddParameter): Name = "ComponentLink1Description"; Value = "Supplier Link"; VariantName = "[No Variations]"
Add component (AddParameter): Name = "ComponentLink1URL"; Value = "https://www.digikey.com/en/products/detail/stackpole-electronics-inc/RMCF0603ZT0R00/1756908"; VariantName = "[No Variations]"
Add component (AddParameter): Name = "Manufacturer Part Number"; Value = "RMCF0603ZT0R00"; VariantName = "[No Variations]"
Add component (AddParameter): Name = "Max Temp"; Value = "155°C"; VariantName = "[No Variations]"
Add component (AddParameter): Name = "Min Temp"; Value = "-55°C "; VariantName = "[No Variations]"
Add component (AddParameter): Name = "Part Status"; Value = "Active"; VariantName = "[No Variations]"
Add component (AddParameter): Name = "Price"; Value = "0.10"; VariantName = "[No Variations]"
Add component (AddParameter): Name = "Supplier Part Number"; Value = "RMCF0603ZT0R00CT-ND"; VariantName = "[No Variations]"
Added Component: Designator=U?(SOIC-8)
Add component (AddParameter): Name = "Manufacturer"; Value = "Vishay Siliconix"; VariantName = "[No Variations]"
Add component (AddParameter): Name = "ManufacturerPartNumber"; Value = "SI4816BDY-T1-E3"; VariantName = "[No Variations]"
Add component (AddParameter): Name = "MaxTemp"; Value = "150°C"; VariantName = "[No Variations]"
Add component (AddParameter): Name = "MinTemp"; Value = "-55°C"; VariantName = "[No Variations]"
Add component (AddParameter): Name = "PartStatus"; Value = "Active"; VariantName = "[No Variations]"
Add component (AddParameter): Name = "Price"; Value = "1.56"; VariantName = "[No Variations]"
Add component (AddParameter): Name = "Supplier"; Value = "Digikey"; VariantName = "[No Variations]"
Add component (AddParameter): Name = "SupplierPartNumber"; Value = "SI4816BDY-T1-E3CT-ND"; VariantName = "[No Variations]"
Add component (AddParameter): Name = "SupplierURL"; Value = "https://www.digikey.com/en/products/detail/vishay-siliconix/SI4816BDY-T1-E3/1656470"; VariantName = "[No Variations]"
Added Component: Designator=u?(32QFN)
Added Component: Designator=U?(SOIC-8)
Add component (AddParameter): Name = "Manufacturer"; Value = "Vishay Siliconix"; VariantName = "[No Variations]"
Add component (AddParameter): Name = "ManufacturerPartNumber"; Value = "SI4816BDY-T1-E3"; VariantName = "[No Variations]"
Add component (AddParameter): Name = "MaxTemp"; Value = "150°C"; VariantName = "[No Variations]"
Add component (AddParameter): Name = "MinTemp"; Value = "-55°C"; VariantName = "[No Variations]"
Add component (AddParameter): Name = "PartStatus"; Value = "Active"; VariantName = "[No Variations]"
Add component (AddParameter): Name = "Price"; Value = "1.56"; VariantName = "[No Variations]"
Add component (AddParameter): Name = "Supplier"; Value = "Digikey"; VariantName = "[No Variations]"
Add component (AddParameter): Name = "SupplierPartNumber"; Value = "SI4816BDY-T1-E3CT-ND"; VariantName = "[No Variations]"
Add component (AddParameter): Name = "SupplierURL"; Value = "https://www.digikey.com/en/products/detail/vishay-siliconix/SI4816BDY-T1-E3/1656470"; VariantName = "[No Variations]"
Added Pin To Net: NetName=+5_VCC Pin=C1-1
Added Pin To Net: NetName=GND Pin=C1-2
Added Pin To Net: NetName=GND Pin=C2-1
Added Pin To Net: NetName=+5LDO Pin=C2-2
Added Pin To Net: NetName=GND Pin=C3-2
Added Pin To Net: NetName=GND Pin=C4-2
Added Pin To Net: NetName=GND Pin=C?-1
Added Pin To Net: NetName=GND Pin=C?-1
Added Pin To Net: NetName=GND Pin=C?-1
Added Pin To Net: NetName=GND Pin=C?-1
Added Pin To Net: NetName=GND Pin=C?-1
Added Pin To Net: NetName=GND Pin=C?-1
Added Pin To Net: NetName=+5_PVCC Pin=C?-2
Added Pin To Net: NetName=GND Pin=J?-1
Added Pin To Net: NetName=GND Pin=J?-1
Added Pin To Net: NetName=GND Pin=J?-1
Added Pin To Net: NetName=+5_VCC Pin=R1-1
Added Pin To Net: NetName=+5LDO Pin=R1-2
Added Pin To Net: NetName=+5_PVCC Pin=R2-1
Added Pin To Net: NetName=+5_VCC Pin=R2-2
Added Pin To Net: NetName=NetR3_1 Pin=R3-1
Added Pin To Net: NetName=GND Pin=R3-2
Added Pin To Net: NetName=+5_VCC Pin=R5-2
Added Pin To Net: NetName=+5_VCC Pin=R6-2
Added Pin To Net: NetName=GND Pin=R?-1
Added Pin To Net: NetName=GND Pin=R?-1
Added Pin To Net: NetName=+5_PVCC Pin=R?-2
Added Pin To Net: NetName=+5_VCC Pin=R?-2
Added Pin To Net: NetName=+5_VCC Pin=R?-2
Added Pin To Net: NetName=+5_VCC Pin=R?-2
Added Pin To Net: NetName=+5_VCC Pin=R?-2
Added Pin To Net: NetName=GND Pin=R?-2
Added Pin To Net: NetName=+5_VCC Pin=u?-2
Added Pin To Net: NetName=GND Pin=U?-2
Added Pin To Net: NetName=GND Pin=U?-2
Added Pin To Net: NetName=+5_VCC Pin=u?-3
Added Pin To Net: NetName=GND Pin=U?-3
Added Pin To Net: NetName=GND Pin=U?-3
Added Pin To Net: NetName=+5LDO Pin=u?-7
Added Pin To Net: NetName=GND Pin=u?-8
Added Pin To Net: NetName=+5_PVCC Pin=u?-19
Added Pin To Net: NetName=+5_VCC Pin=u?-20
Added Pin To Net: NetName=GND Pin=u?-21
Added Pin To Net: NetName=GND Pin=u?-22
Added Pin To Net: NetName=GND Pin=u?-29
Added Pin To Net: NetName=NetR3_1 Pin=u?-31
Added Pin To Net: NetName=GND Pin=u?-EP
Added Pin To Net: NetName=+1V5 Pin=C?-2
Added Pin To Net: NetName=+1V5 Pin=C?-2
Added Pin To Net: NetName=+1V5 Pin=J?-1
Added Pin To Net: NetName=+1V5 Pin=R?-2
Added Pin To Net: NetName=+1V5 Pin=u?-10
Added Net: Name=+1V5
Added Pin To Net: NetName=+REF Pin=C4-1
Added Pin To Net: NetName=+REF Pin=R?-2
Added Pin To Net: NetName=+REF Pin=u?-1
Added Net: Name=+REF
Added Pin To Net: NetName=+VIN Pin=C?-2
Added Pin To Net: NetName=+VIN Pin=C?-2
Added Pin To Net: NetName=+VIN Pin=C?-2
Added Pin To Net: NetName=+VIN Pin=J?-1
Added Pin To Net: NetName=+VIN Pin=R?-1
Added Pin To Net: NetName=+VIN Pin=u?-6
Added Pin To Net: NetName=+VIN Pin=U?-8
Added Pin To Net: NetName=+VIN Pin=U?-8
Added Net: Name=+VIN
Added Pin To Net: NetName=+VREF3 Pin=C3-1
Added Pin To Net: NetName=+VREF3 Pin=R?-2
Added Pin To Net: NetName=+VREF3 Pin=u?-5
Added Net: Name=+VREF3
Added Pin To Net: NetName=1V05 Pin=C?-2
Added Pin To Net: NetName=1V05 Pin=J?-1
Added Pin To Net: NetName=1V05 Pin=L?-2
Added Pin To Net: NetName=1V05 Pin=u?-30
Added Net: Name=1V05
Added Pin To Net: NetName=BOOT1 Pin=R?-2
Added Pin To Net: NetName=BOOT1 Pin=u?-17
Added Net: Name=BOOT1
Added Pin To Net: NetName=BOOT2 Pin=R?-2
Added Pin To Net: NetName=BOOT2 Pin=u?-24
Added Net: Name=BOOT2
Added Pin To Net: NetName=EN1 Pin=R?-1
Added Pin To Net: NetName=EN1 Pin=u?-14
Added Net: Name=EN1
Added Pin To Net: NetName=EN_LDO Pin=R?-1
Added Pin To Net: NetName=EN_LDO Pin=u?-4
Added Net: Name=EN_LDO
Added Pin To Net: NetName=FB1 Pin=R?-1
Added Pin To Net: NetName=FB1 Pin=R?-1
Added Pin To Net: NetName=FB1 Pin=R?-2
Added Pin To Net: NetName=FB1 Pin=u?-11
Added Net: Name=FB1
Added Pin To Net: NetName=LGATE1 Pin=u?-18
Added Pin To Net: NetName=LGATE1 Pin=U?-4
Added Net: Name=LGATE1
Added Pin To Net: NetName=LGATE2 Pin=u?-23
Added Pin To Net: NetName=LGATE2 Pin=U?-4
Added Net: Name=LGATE2
Added Pin To Net: NetName=NetC?_2 Pin=C?-2
Added Pin To Net: NetName=NetC?_2 Pin=R?-1
Added Net: Name=NetC?_2
Added Pin To Net: NetName=NetR?_1 Pin=R?-1
Added Pin To Net: NetName=NetR?_1 Pin=u?-12
Added Net: Name=NetR?_1
Added Pin To Net: NetName=PHASE1 Pin=C?-1
Added Pin To Net: NetName=PHASE1 Pin=C?-1
Added Pin To Net: NetName=PHASE1 Pin=u?-16
Added Pin To Net: NetName=PHASE1 Pin=U?-5
Added Pin To Net: NetName=PHASE1 Pin=U?-6
Added Pin To Net: NetName=PHASE1 Pin=U?-7
Added Net: Name=PHASE1
Added Pin To Net: NetName=PHASE2 Pin=C?-1
Added Pin To Net: NetName=PHASE2 Pin=L?-1
Added Pin To Net: NetName=PHASE2 Pin=u?-25
Added Pin To Net: NetName=PHASE2 Pin=U?-5
Added Pin To Net: NetName=PHASE2 Pin=U?-6
Added Pin To Net: NetName=PHASE2 Pin=U?-7
Added Net: Name=PHASE2
Added Pin To Net: NetName=POK1 Pin=R5-1
Added Pin To Net: NetName=POK1 Pin=u?-13
Added Pin To Net: NetName=POK1 Pin=u?-27
Added Net: Name=POK1
Added Pin To Net: NetName=POK2 Pin=R6-1
Added Pin To Net: NetName=POK2 Pin=u?-28
Added Net: Name=POK2
Added Pin To Net: NetName=REFIN2 Pin=R?-1
Added Pin To Net: NetName=REFIN2 Pin=R?-1
Added Pin To Net: NetName=REFIN2 Pin=R?-1
Added Pin To Net: NetName=REFIN2 Pin=R?-2
Added Pin To Net: NetName=REFIN2 Pin=u?-32
Added Net: Name=REFIN2
Added Pin To Net: NetName=UGATE1 Pin=u?-15
Added Pin To Net: NetName=UGATE1 Pin=U?-1
Added Net: Name=UGATE1
Added Pin To Net: NetName=UGATE2 Pin=u?-26
Added Pin To Net: NetName=UGATE2 Pin=U?-1
Added Net: Name=UGATE2
Added Member To Class: ClassName=Switching_Power_Supply_V2[01] Member=Component C1 1uF (50V)
Added Member To Class: ClassName=Switching_Power_Supply_V2[01] Member=Component C2 4.7uF (10V)
Added Member To Class: ClassName=Switching_Power_Supply_V2[01] Member=Component C3 0.01uF (50V)
Added Member To Class: ClassName=Switching_Power_Supply_V2[01] Member=Component C4 0.1uF(50V)
Added Member To Class: ClassName=Switching_Power_Supply_V2[01] Member=Component C? 0.22uF (50V)
Added Member To Class: ClassName=Switching_Power_Supply_V2[01] Member=Component C? 1uF (50V)
Added Member To Class: ClassName=Switching_Power_Supply_V2[01] Member=Component C? 10uF (35V)
Added Member To Class: ClassName=Switching_Power_Supply_V2[01] Member=Component C? 330uF (10V)
Added Member To Class: ClassName=Switching_Power_Supply_V2[01] Member=Component C? 1uF (50V)
Added Member To Class: ClassName=Switching_Power_Supply_V2[01] Member=Component C? 3.3uH
Added Member To Class: ClassName=Switching_Power_Supply_V2[01] Member=Component C? 0.22uF (50V)
Added Member To Class: ClassName=Switching_Power_Supply_V2[01] Member=Component C? 10uF (35V)
Added Member To Class: ClassName=Switching_Power_Supply_V2[01] Member=Component C? 330uF (10V)
Added Member To Class: ClassName=Switching_Power_Supply_V2[01] Member=Component J? MLPAD_3x3
Added Member To Class: ClassName=Switching_Power_Supply_V2[01] Member=Component J? MLPAD_3x3
Added Member To Class: ClassName=Switching_Power_Supply_V2[01] Member=Component J? MLPAD_3x3
Added Member To Class: ClassName=Switching_Power_Supply_V2[01] Member=Component J? MLPAD_3x3
Added Member To Class: ClassName=Switching_Power_Supply_V2[01] Member=Component J? MLPAD_3x3
Added Member To Class: ClassName=Switching_Power_Supply_V2[01] Member=Component J? MLPAD_3x3
Added Member To Class: ClassName=Switching_Power_Supply_V2[01] Member=Component L? 2.2uH
Added Member To Class: ClassName=Switching_Power_Supply_V2[01] Member=Component R1 0R(0603 in )
Added Member To Class: ClassName=Switching_Power_Supply_V2[01] Member=Component R2 10R
Added Member To Class: ClassName=Switching_Power_Supply_V2[01] Member=Component R3 200K (1%)
Added Member To Class: ClassName=Switching_Power_Supply_V2[01] Member=Component R4 200K (1%)
Added Member To Class: ClassName=Switching_Power_Supply_V2[01] Member=Component R5 200K (1%)
Added Member To Class: ClassName=Switching_Power_Supply_V2[01] Member=Component R6 200K (1%)
Added Member To Class: ClassName=Switching_Power_Supply_V2[01] Member=Component R? 0R(0603 in )
Added Member To Class: ClassName=Switching_Power_Supply_V2[01] Member=Component R? 0R(0603 in )
Added Member To Class: ClassName=Switching_Power_Supply_V2[01] Member=Component R? 1R 1%
Added Member To Class: ClassName=Switching_Power_Supply_V2[01] Member=Component R? 0R(0603 in )
Added Member To Class: ClassName=Switching_Power_Supply_V2[01] Member=Component R? 200K (1%)
Added Member To Class: ClassName=Switching_Power_Supply_V2[01] Member=Component R? 1R 1%
Added Member To Class: ClassName=Switching_Power_Supply_V2[01] Member=Component R? 10K
Added Member To Class: ClassName=Switching_Power_Supply_V2[01] Member=Component R? 0R(0603 in )
Added Member To Class: ClassName=Switching_Power_Supply_V2[01] Member=Component R? 10K
Added Member To Class: ClassName=Switching_Power_Supply_V2[01] Member=Component R? 0R(0603 in )
Added Member To Class: ClassName=Switching_Power_Supply_V2[01] Member=Component R? 0R(0603 in )
Added Member To Class: ClassName=Switching_Power_Supply_V2[01] Member=Component R? 0R(0603 in )
Added Member To Class: ClassName=Switching_Power_Supply_V2[01] Member=Component R? 0R(0603 in )
Added Member To Class: ClassName=Switching_Power_Supply_V2[01] Member=Component U? SI4816BDY-T1-E3
Added Member To Class: ClassName=Switching_Power_Supply_V2[01] Member=Component u? testing
Added Member To Class: ClassName=Switching_Power_Supply_V2[01] Member=Component U? SI4816BDY-T1-E3
Added Room: Name=Switching_Power_Supply_V2[01]
